<?xml version="1.0" encoding="UTF-8"?>
<!-- Generated by org.testng.reporters.JUnitReportReporter -->
<testsuite hostname="DESKTOP-GBS83LF" failures="0" tests="1" name="test.api.GithubTestApi" time="7.220" errors="0" timestamp="2023-10-03T19:25:55 BRT" skipped="0">
  <testcase classname="test.api.GithubTestApi" name="shouldReturnTheListOfRepositoriesInGitHubOrganization" time="7.220"/>
</testsuite> <!-- test.api.GithubTestApi -->
